<?xml version="1.0" encoding="UTF-8"?>
<!-- Generated by org.testng.reporters.JUnitReportReporter -->
<testsuite hostname="WIN-87ENFK75A5U" failures="0" tests="3" name="com.vinsGuru.vendarPortal.VendorPortalTest" time="12.287" errors="0" timestamp="2025-08-04T20:45:22 IST" skipped="0">
  <testcase classname="com.vinsGuru.vendarPortal.VendorPortalTest" name="dashBoardTest" time="6.252"/>
  <testcase classname="com.vinsGuru.vendarPortal.VendorPortalTest" name="loginTest" time="3.042"/>
  <testcase classname="com.vinsGuru.vendarPortal.VendorPortalTest" name="logout" time="2.993"/>
</testsuite> <!-- com.vinsGuru.vendarPortal.VendorPortalTest -->
